{"/Users/tomato/Projects/react_assignment/client/src/App.tsx": {"path":"/Users/tomato/Projects/react_assignment/client/src/App.tsx","statementMap":{"0":{"start":{"line":3,"column":0},"end":{"line":3,"column":70}},"1":{"start":{"line":4,"column":12},"end":{"line":16,"column":1}},"2":{"start":{"line":6,"column":16},"end":{"line":8,"column":null}},"3":{"start":{"line":9,"column":2},"end":{"line":15,"column":4}},"4":{"start":{"line":17,"column":0},"end":{"line":17,"column":19}}},"fnMap":{"0":{"name":"(anonymous_0)","decl":{"start":{"line":4,"column":12},"end":{"line":4,"column":15}},"loc":{"start":{"line":4,"column":17},"end":{"line":16,"column":1}}}},"branchMap":{},"s":{"0":1,"1":1,"2":1,"3":1,"4":1},"f":{"0":1},"b":{}}
,"/Users/tomato/Projects/react_assignment/client/src/main.tsx": {"path":"/Users/tomato/Projects/react_assignment/client/src/main.tsx","statementMap":{"0":{"start":{"line":1,"column":0},"end":{"line":1,"column":26}},"1":{"start":{"line":2,"column":0},"end":{"line":2,"column":20}},"2":{"start":{"line":4,"column":0},"end":{"line":4,"column":40}},"3":{"start":{"line":5,"column":0},"end":{"line":5,"column":21}},"4":{"start":{"line":6,"column":0},"end":{"line":6,"column":64}},"5":{"start":{"line":7,"column":13},"end":{"line":8,"column":null}},"6":{"start":{"line":8,"column":7},"end":{"line":8,"column":62}},"7":{"start":{"line":19,"column":12},"end":{"line":25,"column":null}},"8":{"start":{"line":20,"column":7},"end":{"line":24,"column":null}},"9":{"start":{"line":27,"column":13},"end":{"line":27,"column":44}},"10":{"start":{"line":28,"column":0},"end":{"line":40,"column":null}},"11":{"start":{"line":29,"column":2},"end":{"line":40,"column":null}}},"fnMap":{"0":{"name":"(anonymous_7)","decl":{"start":{"line":8,"column":2},"end":{"line":8,"column":5}},"loc":{"start":{"line":8,"column":7},"end":{"line":8,"column":62}}},"1":{"name":"(anonymous_8)","decl":{"start":{"line":8,"column":7},"end":{"line":8,"column":15}},"loc":{"start":{"line":8,"column":7},"end":{"line":8,"column":62}}},"2":{"name":"(anonymous_9)","decl":{"start":{"line":20,"column":2},"end":{"line":20,"column":5}},"loc":{"start":{"line":20,"column":7},"end":{"line":24,"column":null}}},"3":{"name":"(anonymous_10)","decl":{"start":{"line":20,"column":7},"end":{"line":20,"column":null}},"loc":{"start":{"line":20,"column":7},"end":{"line":24,"column":null}}}},"branchMap":{"0":{"loc":{"start":{"line":28,"column":0},"end":{"line":40,"column":null}},"type":"if","locations":[{"start":{"line":28,"column":0},"end":{"line":40,"column":null}}]}},"s":{"0":0,"1":0,"2":0,"3":0,"4":0,"5":0,"6":0,"7":0,"8":0,"9":0,"10":0,"11":0},"f":{"0":0,"1":0,"2":0,"3":0},"b":{"0":[0]}}
,"/Users/tomato/Projects/react_assignment/client/src/vite-env.d.ts": {"path":"/Users/tomato/Projects/react_assignment/client/src/vite-env.d.ts","statementMap":{},"fnMap":{},"branchMap":{},"s":{},"f":{},"b":{}}
,"/Users/tomato/Projects/react_assignment/client/src/Types/index.ts": {"path":"/Users/tomato/Projects/react_assignment/client/src/Types/index.ts","statementMap":{"0":{"start":{"line":2,"column":0},"end":{"line":2,"column":null}},"1":{"start":{"line":3,"column":4},"end":{"line":3,"column":null}},"2":{"start":{"line":4,"column":4},"end":{"line":4,"column":null}}},"fnMap":{"0":{"name":"(anonymous_0)","decl":{"start":{"line":2,"column":0},"end":{"line":2,"column":12}},"loc":{"start":{"line":2,"column":26},"end":{"line":5,"column":1}}}},"branchMap":{"0":{"loc":{"start":{"line":2,"column":12},"end":{"line":2,"column":null}},"type":"binary-expr","locations":[{"start":{"line":2,"column":12},"end":{"line":2,"column":26}},{"start":{"line":2,"column":12},"end":{"line":2,"column":null}}]}},"s":{"0":0,"1":0,"2":0},"f":{"0":0},"b":{"0":[0,0]}}
,"/Users/tomato/Projects/react_assignment/client/src/components/index.ts": {"path":"/Users/tomato/Projects/react_assignment/client/src/components/index.ts","statementMap":{"0":{"start":{"line":1,"column":0},"end":{"line":1,"column":9}},"1":{"start":{"line":5,"column":18},"end":{"line":1,"column":36}},"2":{"start":{"line":2,"column":0},"end":{"line":2,"column":7}},"3":{"start":{"line":5,"column":27},"end":{"line":2,"column":40}},"4":{"start":{"line":3,"column":0},"end":{"line":3,"column":7}},"5":{"start":{"line":5,"column":9},"end":{"line":3,"column":32}},"6":{"start":{"line":4,"column":0},"end":{"line":4,"column":7}},"7":{"start":{"line":5,"column":40},"end":{"line":4,"column":32}}},"fnMap":{"0":{"name":"(anonymous_1)","decl":{"start":{"line":5,"column":18},"end":{"line":5,"column":25}},"loc":{"start":{"line":5,"column":18},"end":{"line":1,"column":36}}}},"branchMap":{},"s":{"0":1,"1":1,"2":1,"3":1,"4":1,"5":1,"6":1,"7":1},"f":{"0":0},"b":{}}
,"/Users/tomato/Projects/react_assignment/client/src/components/Example/index.tsx": {"path":"/Users/tomato/Projects/react_assignment/client/src/components/Example/index.tsx","statementMap":{"0":{"start":{"line":3,"column":23},"end":{"line":3,"column":44}},"1":{"start":{"line":3,"column":29},"end":{"line":3,"column":44}},"2":{"start":{"line":3,"column":13},"end":{"line":3,"column":23}}},"fnMap":{"0":{"name":"(anonymous_0)","decl":{"start":{"line":3,"column":23},"end":{"line":3,"column":26}},"loc":{"start":{"line":3,"column":29},"end":{"line":3,"column":44}}}},"branchMap":{},"s":{"0":1,"1":0,"2":1},"f":{"0":0},"b":{}}
,"/Users/tomato/Projects/react_assignment/client/src/components/SelectInput/SelectInput.tsx": {"path":"/Users/tomato/Projects/react_assignment/client/src/components/SelectInput/SelectInput.tsx","statementMap":{"0":{"start":{"line":1,"column":0},"end":{"line":1,"column":40}},"1":{"start":{"line":13,"column":37},"end":{"line":43,"column":1}},"2":{"start":{"line":14,"column":44},"end":{"line":14,"column":56}},"3":{"start":{"line":16,"column":2},"end":{"line":42,"column":4}},"4":{"start":{"line":21,"column":25},"end":{"line":21,"column":57}},"5":{"start":{"line":27,"column":10},"end":{"line":27,"column":31}},"6":{"start":{"line":45,"column":0},"end":{"line":45,"column":27}}},"fnMap":{"0":{"name":"(anonymous_0)","decl":{"start":{"line":13,"column":37},"end":{"line":13,"column":38}},"loc":{"start":{"line":13,"column":56},"end":{"line":43,"column":1}}},"1":{"name":"(anonymous_1)","decl":{"start":{"line":21,"column":18},"end":{"line":21,"column":19}},"loc":{"start":{"line":21,"column":25},"end":{"line":21,"column":57}}},"2":{"name":"(anonymous_2)","decl":{"start":{"line":26,"column":24},"end":{"line":26,"column":25}},"loc":{"start":{"line":27,"column":10},"end":{"line":27,"column":31}}}},"branchMap":{},"s":{"0":1,"1":1,"2":1,"3":1,"4":0,"5":0,"6":1},"f":{"0":1,"1":0,"2":0},"b":{}}
,"/Users/tomato/Projects/react_assignment/client/src/components/SelectInput/index.ts": {"path":"/Users/tomato/Projects/react_assignment/client/src/components/SelectInput/index.ts","statementMap":{"0":{"start":{"line":1,"column":0},"end":{"line":1,"column":51}},"1":{"start":{"line":3,"column":0},"end":{"line":3,"column":27}}},"fnMap":{},"branchMap":{},"s":{"0":1,"1":1},"f":{},"b":{}}
,"/Users/tomato/Projects/react_assignment/client/src/components/SideBox/SideBox.tsx": {"path":"/Users/tomato/Projects/react_assignment/client/src/components/SideBox/SideBox.tsx","statementMap":{"0":{"start":{"line":1,"column":0},"end":{"line":1,"column":51}},"1":{"start":{"line":10,"column":16},"end":{"line":38,"column":1}},"2":{"start":{"line":11,"column":25},"end":{"line":11,"column":30}},"3":{"start":{"line":13,"column":30},"end":{"line":13,"column":43}},"4":{"start":{"line":14,"column":30},"end":{"line":14,"column":49}},"5":{"start":{"line":15,"column":30},"end":{"line":15,"column":49}},"6":{"start":{"line":17,"column":2},"end":{"line":19,"column":23}},"7":{"start":{"line":18,"column":4},"end":{"line":18,"column":26}},"8":{"start":{"line":21,"column":24},"end":{"line":23,"column":3}},"9":{"start":{"line":22,"column":4},"end":{"line":22,"column":52}},"10":{"start":{"line":22,"column":29},"end":{"line":22,"column":50}},"11":{"start":{"line":24,"column":24},"end":{"line":26,"column":3}},"12":{"start":{"line":25,"column":4},"end":{"line":25,"column":52}},"13":{"start":{"line":25,"column":29},"end":{"line":25,"column":50}},"14":{"start":{"line":27,"column":24},"end":{"line":29,"column":3}},"15":{"start":{"line":28,"column":4},"end":{"line":28,"column":52}},"16":{"start":{"line":28,"column":29},"end":{"line":28,"column":50}},"17":{"start":{"line":31,"column":2},"end":{"line":37,"column":4}},"18":{"start":{"line":40,"column":0},"end":{"line":40,"column":23}}},"fnMap":{"0":{"name":"(anonymous_0)","decl":{"start":{"line":10,"column":16},"end":{"line":10,"column":17}},"loc":{"start":{"line":10,"column":53},"end":{"line":38,"column":1}}},"1":{"name":"(anonymous_1)","decl":{"start":{"line":17,"column":12},"end":{"line":17,"column":15}},"loc":{"start":{"line":17,"column":17},"end":{"line":19,"column":3}}},"2":{"name":"(anonymous_2)","decl":{"start":{"line":21,"column":24},"end":{"line":21,"column":27}},"loc":{"start":{"line":21,"column":29},"end":{"line":23,"column":3}}},"3":{"name":"(anonymous_3)","decl":{"start":{"line":22,"column":14},"end":{"line":22,"column":15}},"loc":{"start":{"line":22,"column":29},"end":{"line":22,"column":50}}},"4":{"name":"(anonymous_4)","decl":{"start":{"line":24,"column":24},"end":{"line":24,"column":27}},"loc":{"start":{"line":24,"column":29},"end":{"line":26,"column":3}}},"5":{"name":"(anonymous_5)","decl":{"start":{"line":25,"column":14},"end":{"line":25,"column":15}},"loc":{"start":{"line":25,"column":29},"end":{"line":25,"column":50}}},"6":{"name":"(anonymous_6)","decl":{"start":{"line":27,"column":24},"end":{"line":27,"column":27}},"loc":{"start":{"line":27,"column":29},"end":{"line":29,"column":3}}},"7":{"name":"(anonymous_7)","decl":{"start":{"line":28,"column":14},"end":{"line":28,"column":15}},"loc":{"start":{"line":28,"column":29},"end":{"line":28,"column":50}}}},"branchMap":{"0":{"loc":{"start":{"line":11,"column":10},"end":{"line":11,"column":20}},"type":"default-arg","locations":[{"start":{"line":11,"column":16},"end":{"line":11,"column":20}}]}},"s":{"0":1,"1":1,"2":0,"3":0,"4":0,"5":0,"6":0,"7":0,"8":0,"9":0,"10":0,"11":0,"12":0,"13":0,"14":0,"15":0,"16":0,"17":0,"18":1},"f":{"0":0,"1":0,"2":0,"3":0,"4":0,"5":0,"6":0,"7":0},"b":{"0":[0]}}
,"/Users/tomato/Projects/react_assignment/client/src/components/SideBox/index.ts": {"path":"/Users/tomato/Projects/react_assignment/client/src/components/SideBox/index.ts","statementMap":{"0":{"start":{"line":1,"column":0},"end":{"line":1,"column":50}},"1":{"start":{"line":3,"column":0},"end":{"line":3,"column":23}}},"fnMap":{},"branchMap":{},"s":{"0":1,"1":1},"f":{},"b":{}}
,"/Users/tomato/Projects/react_assignment/client/src/components/Sidebar/Sidebar.tsx": {"path":"/Users/tomato/Projects/react_assignment/client/src/components/Sidebar/Sidebar.tsx","statementMap":{"0":{"start":{"line":2,"column":23},"end":{"line":9,"column":1}},"1":{"start":{"line":3,"column":2},"end":{"line":8,"column":4}},"2":{"start":{"line":2,"column":13},"end":{"line":2,"column":23}},"3":{"start":{"line":10,"column":0},"end":{"line":10,"column":23}}},"fnMap":{"0":{"name":"(anonymous_0)","decl":{"start":{"line":2,"column":23},"end":{"line":2,"column":26}},"loc":{"start":{"line":2,"column":28},"end":{"line":9,"column":1}}}},"branchMap":{},"s":{"0":0,"1":0,"2":0,"3":0},"f":{"0":0},"b":{}}
,"/Users/tomato/Projects/react_assignment/client/src/components/Stepper/Stepper.tsx": {"path":"/Users/tomato/Projects/react_assignment/client/src/components/Stepper/Stepper.tsx","statementMap":{"0":{"start":{"line":1,"column":0},"end":{"line":1,"column":40}},"1":{"start":{"line":9,"column":33},"end":{"line":33,"column":1}},"2":{"start":{"line":10,"column":40},"end":{"line":10,"column":51}},"3":{"start":{"line":12,"column":21},"end":{"line":14,"column":3}},"4":{"start":{"line":13,"column":4},"end":{"line":13,"column":36}},"5":{"start":{"line":16,"column":25},"end":{"line":18,"column":3}},"6":{"start":{"line":17,"column":4},"end":{"line":17,"column":36}},"7":{"start":{"line":20,"column":2},"end":{"line":32,"column":4}},"8":{"start":{"line":35,"column":0},"end":{"line":35,"column":23}}},"fnMap":{"0":{"name":"(anonymous_0)","decl":{"start":{"line":9,"column":33},"end":{"line":9,"column":34}},"loc":{"start":{"line":9,"column":47},"end":{"line":33,"column":1}}},"1":{"name":"(anonymous_1)","decl":{"start":{"line":12,"column":21},"end":{"line":12,"column":24}},"loc":{"start":{"line":12,"column":26},"end":{"line":14,"column":3}}},"2":{"name":"(anonymous_2)","decl":{"start":{"line":16,"column":25},"end":{"line":16,"column":28}},"loc":{"start":{"line":16,"column":30},"end":{"line":18,"column":3}}}},"branchMap":{"0":{"loc":{"start":{"line":24,"column":9},"end":{"line":25,"column":null}},"type":"binary-expr","locations":[{"start":{"line":24,"column":9},"end":{"line":24,"column":24}},{"start":{"line":25,"column":10},"end":{"line":25,"column":60}}]},"1":{"loc":{"start":{"line":27,"column":9},"end":{"line":28,"column":null}},"type":"binary-expr","locations":[{"start":{"line":27,"column":9},"end":{"line":27,"column":39}},{"start":{"line":28,"column":10},"end":{"line":28,"column":52}}]}},"s":{"0":2,"1":2,"2":7,"3":7,"4":3,"5":7,"6":0,"7":7,"8":2},"f":{"0":7,"1":3,"2":0},"b":{"0":[7,2],"1":[7,6]}}
,"/Users/tomato/Projects/react_assignment/client/src/components/Stepper/index.ts": {"path":"/Users/tomato/Projects/react_assignment/client/src/components/Stepper/index.ts","statementMap":{"0":{"start":{"line":1,"column":0},"end":{"line":1,"column":59}},"1":{"start":{"line":3,"column":0},"end":{"line":3,"column":23}}},"fnMap":{},"branchMap":{},"s":{"0":1,"1":1},"f":{},"b":{}}
,"/Users/tomato/Projects/react_assignment/client/src/hooks/useFetch.ts": {"path":"/Users/tomato/Projects/react_assignment/client/src/hooks/useFetch.ts","statementMap":{"0":{"start":{"line":1,"column":0},"end":{"line":1,"column":44}},"1":{"start":{"line":3,"column":17},"end":{"line":12,"column":1}},"2":{"start":{"line":4,"column":26},"end":{"line":4,"column":40}},"3":{"start":{"line":5,"column":2},"end":{"line":9,"column":12}},"4":{"start":{"line":6,"column":4},"end":{"line":8,"column":37}},"5":{"start":{"line":7,"column":21},"end":{"line":7,"column":31}},"6":{"start":{"line":8,"column":22},"end":{"line":8,"column":35}},"7":{"start":{"line":11,"column":2},"end":{"line":11,"column":16}},"8":{"start":{"line":14,"column":0},"end":{"line":14,"column":24}}},"fnMap":{"0":{"name":"(anonymous_0)","decl":{"start":{"line":3,"column":17},"end":{"line":3,"column":18}},"loc":{"start":{"line":3,"column":38},"end":{"line":12,"column":1}}},"1":{"name":"(anonymous_1)","decl":{"start":{"line":5,"column":12},"end":{"line":5,"column":15}},"loc":{"start":{"line":5,"column":17},"end":{"line":9,"column":3}}},"2":{"name":"(anonymous_2)","decl":{"start":{"line":7,"column":12},"end":{"line":7,"column":13}},"loc":{"start":{"line":7,"column":21},"end":{"line":7,"column":31}}},"3":{"name":"(anonymous_3)","decl":{"start":{"line":8,"column":12},"end":{"line":8,"column":13}},"loc":{"start":{"line":8,"column":22},"end":{"line":8,"column":35}}}},"branchMap":{},"s":{"0":0,"1":0,"2":0,"3":0,"4":0,"5":0,"6":0,"7":0,"8":0},"f":{"0":0,"1":0,"2":0,"3":0},"b":{}}
,"/Users/tomato/Projects/react_assignment/client/src/pages/Home.tsx": {"path":"/Users/tomato/Projects/react_assignment/client/src/pages/Home.tsx","statementMap":{"0":{"start":{"line":2,"column":13},"end":{"line":4,"column":1}},"1":{"start":{"line":3,"column":2},"end":{"line":3,"column":36}},"2":{"start":{"line":5,"column":0},"end":{"line":5,"column":20}}},"fnMap":{"0":{"name":"(anonymous_0)","decl":{"start":{"line":2,"column":13},"end":{"line":2,"column":16}},"loc":{"start":{"line":2,"column":18},"end":{"line":4,"column":1}}}},"branchMap":{},"s":{"0":0,"1":0,"2":0},"f":{"0":0},"b":{}}
}
